0 info it worked if it ends with ok
1 verbose cli [ '/Users/simojc/.nvm/versions/node/v6.3.0/bin/node',
1 verbose cli   '/Users/simojc/.nvm/versions/node/v6.3.0/bin/npm',
1 verbose cli   'run',
1 verbose cli   'tsc' ]
2 info using npm@3.10.3
3 info using node@v6.3.0
4 verbose run-script [ 'pretsc', 'tsc', 'posttsc' ]
5 info lifecycle ng2-fundamentals-demo@1.0.0~pretsc: ng2-fundamentals-demo@1.0.0
6 silly lifecycle ng2-fundamentals-demo@1.0.0~pretsc: no script for pretsc, continuing
7 info lifecycle ng2-fundamentals-demo@1.0.0~tsc: ng2-fundamentals-demo@1.0.0
8 verbose lifecycle ng2-fundamentals-demo@1.0.0~tsc: unsafe-perm in lifecycle true
9 verbose lifecycle ng2-fundamentals-demo@1.0.0~tsc: PATH: /Users/simojc/.nvm/versions/node/v6.3.0/lib/node_modules/npm/bin/node-gyp-bin:/Users/simojc/dev/ng2-fundamentals/node_modules/.bin:/Users/simojc/.nvm/versions/node/v6.3.0/bin:/Users/simojc/.nvm/versions/node/v6.3.0/bin:/Library/Frameworks/Python.framework/Versions/3.6/bin:/usr/local/lib/dnx/runtimes/dnx-coreclr-darwin-x64.1.0.0-rc1-update1/bin:/Users/simojc/.dnx/bin:/usr/local/mysql/bin:/usr/local/bin:/usr/bin:/bin:/usr/sbin:/sbin:/opt/X11/bin:/Library/Frameworks/Mono.framework/Versions/Current/Commands:/Applications/Postgres.app/Contents/Versions/latest/bin
10 verbose lifecycle ng2-fundamentals-demo@1.0.0~tsc: CWD: /Users/simojc/dev/ng2-fundamentals
11 silly lifecycle ng2-fundamentals-demo@1.0.0~tsc: Args: [ '-c', 'tsc' ]
12 silly lifecycle ng2-fundamentals-demo@1.0.0~tsc: Returned: code: 2  signal: null
13 info lifecycle ng2-fundamentals-demo@1.0.0~tsc: Failed to exec tsc script
14 verbose stack Error: ng2-fundamentals-demo@1.0.0 tsc: `tsc`
14 verbose stack Exit status 2
14 verbose stack     at EventEmitter.<anonymous> (/Users/simojc/.nvm/versions/node/v6.3.0/lib/node_modules/npm/lib/utils/lifecycle.js:242:16)
14 verbose stack     at emitTwo (events.js:106:13)
14 verbose stack     at EventEmitter.emit (events.js:191:7)
14 verbose stack     at ChildProcess.<anonymous> (/Users/simojc/.nvm/versions/node/v6.3.0/lib/node_modules/npm/lib/utils/spawn.js:40:14)
14 verbose stack     at emitTwo (events.js:106:13)
14 verbose stack     at ChildProcess.emit (events.js:191:7)
14 verbose stack     at maybeClose (internal/child_process.js:852:16)
14 verbose stack     at Process.ChildProcess._handle.onexit (internal/child_process.js:215:5)
15 verbose pkgid ng2-fundamentals-demo@1.0.0
16 verbose cwd /Users/simojc/dev/ng2-fundamentals
17 error Darwin 15.6.0
18 error argv "/Users/simojc/.nvm/versions/node/v6.3.0/bin/node" "/Users/simojc/.nvm/versions/node/v6.3.0/bin/npm" "run" "tsc"
19 error node v6.3.0
20 error npm  v3.10.3
21 error code ELIFECYCLE
22 error ng2-fundamentals-demo@1.0.0 tsc: `tsc`
22 error Exit status 2
23 error Failed at the ng2-fundamentals-demo@1.0.0 tsc script 'tsc'.
23 error Make sure you have the latest version of node.js and npm installed.
23 error If you do, this is most likely a problem with the ng2-fundamentals-demo package,
23 error not with npm itself.
23 error Tell the author that this fails on your system:
23 error     tsc
23 error You can get information on how to open an issue for this project with:
23 error     npm bugs ng2-fundamentals-demo
23 error Or if that isn't available, you can get their info via:
23 error     npm owner ls ng2-fundamentals-demo
23 error There is likely additional logging output above.
24 verbose exit [ 1, true ]
